0 info it worked if it ends with ok
1 verbose cli [ '/usr/local/bin/iojs', '/usr/local/bin/npm', 'publish' ]
2 info using npm@2.14.3
3 info using node@v3.3.1
4 verbose publish [ '.' ]
5 silly cache add args [ '.', null ]
6 verbose cache add spec .
7 silly cache add parsed spec Result {
7 silly cache add   raw: '.',
7 silly cache add   scope: null,
7 silly cache add   name: null,
7 silly cache add   rawSpec: '.',
7 silly cache add   spec: '/Users/nguyenvantai/Documents/mean-stack-boilerplate',
7 silly cache add   type: 'directory' }
8 verbose addLocalDirectory /Users/NguyenVanTai/.npm/mean-stack-boilerplate/1.0.0/package.tgz not in flight; packing
9 verbose tar pack [ '/Users/NguyenVanTai/.npm/mean-stack-boilerplate/1.0.0/package.tgz',
9 verbose tar pack   '/Users/nguyenvantai/Documents/mean-stack-boilerplate' ]
10 verbose tarball /Users/NguyenVanTai/.npm/mean-stack-boilerplate/1.0.0/package.tgz
11 verbose folder /Users/nguyenvantai/Documents/mean-stack-boilerplate
12 info prepublish mean-stack-boilerplate@1.0.0
13 verbose addLocalTarball adding from inside cache /Users/NguyenVanTai/.npm/mean-stack-boilerplate/1.0.0/package.tgz
14 silly cache afterAdd mean-stack-boilerplate@1.0.0
15 verbose afterAdd /Users/NguyenVanTai/.npm/mean-stack-boilerplate/1.0.0/package/package.json not in flight; writing
16 verbose afterAdd /Users/NguyenVanTai/.npm/mean-stack-boilerplate/1.0.0/package/package.json written
17 silly publish { name: 'mean-stack-boilerplate',
17 silly publish   version: '1.0.0',
17 silly publish   description: '',
17 silly publish   main: 'index.js',
17 silly publish   scripts:
17 silly publish    { test: 'echo "Error: no test specified" && exit 1',
17 silly publish      lint: 'eslint --ext .js ./config ./app ./*.js',
17 silly publish      start: 'node server.js' },
17 silly publish   repository:
17 silly publish    { type: 'git',
17 silly publish      url: 'git+https://github.com/HienNguyen711/mean-stack-boilerplate.git' },
17 silly publish   author: '',
17 silly publish   license: 'ISC',
17 silly publish   bugs: { url: 'https://github.com/HienNguyen711/mean-stack-boilerplate/issues' },
17 silly publish   homepage: 'https://github.com/HienNguyen711/mean-stack-boilerplate#readme',
17 silly publish   dependencies:
17 silly publish    { 'body-parser': '^1.17.1',
17 silly publish      compression: '^1.6.2',
17 silly publish      connect: '^3.6.0',
17 silly publish      eslint: '^3.19.0',
17 silly publish      express: '^4.15.2',
17 silly publish      'express-session': '^1.15.2',
17 silly publish      grunt: '^1.0.1',
17 silly publish      'method-override': '^2.3.8',
17 silly publish      mongoose: '^4.9.4',
17 silly publish      morgan: '^1.8.1',
17 silly publish      nodemon: '^1.11.0',
17 silly publish      should: '^11.2.1' },
17 silly publish   devDependencies:
17 silly publish    { jasmine: '^2.5.3',
17 silly publish      'jasmine-core': '^2.5.2',
17 silly publish      karma: '^1.6.0',
17 silly publish      'karma-chrome-launcher': '^2.0.0',
17 silly publish      'karma-jasmine': '^1.1.0',
17 silly publish      'karma-phantomjs-launcher': '^1.0.4',
17 silly publish      'karma-requirejs': '^1.1.0',
17 silly publish      requirejs: '^2.3.3' },
17 silly publish   readme: '# mean-stack-boilerplate\n\n\n## What is this\nMEAN stack boilerplate - with Angular 2 \n(will be updated to Angular 4)\n\n## Check \nhttps://www.npmjs.com/package/mean-stack-boilerplate\n\n## How to run/install\n+ `npm install`\n+ `node server.js`\n+ `npm start`\n+ Navigate to `localhost:3000/`\n\n\n## File naming convention \n\n\n\n## Other command\n+ `npm run lint` -> Linting\n+ `npm run debug`\n+ `NODE_ENV=test mocha --reporter spec app/tests` `set NODE_ENV=test`  `mocha --reporter spec app/tests`\n\n\n\n\n## Download chrome extension\n+ https://chrome.google.com/webstore/detail/augury/elgalmkoelokbchhkhacckoklkejnhcd/related\n\n+ AngularJS Batarang\n\n\n\n## Testing\n+ Unit tests \n+ E2E tests\n+ Testing Express\n+ Mocha\n+ Should.js\n+ Super test modules\n\n+ Testing for front-end Angular 2 - Jasmine\n+ Karma - test runner\n+ PhantomJS browser launcher - headless browser\n\n\n\n## Testing convention\n+ `describe(description, callback)`\n+ `it(description, callback)`\n+ `before(callback)`\n+ `beforeEach(callback)`\n+ `after(callback)`\n+ `afterEach(callback)`\n\n\n\n\n## MongoDB example queries\n+ `db.products.insert({\n  title: \'Product1\',\n  stock: 15,\n  price: 112.36\n})`\n+ `db.products.find()`\n+ `db.products.update({},\n  { $set: {title: \'MEANshop\'} },\n  { multi: true}\n)`\n+ `db.products.remove({})`\n+ `db.products.aggregate([{\n  $group: {\n    _id: null,\n    total: { $sum: "$price" }\n  }\n}])`\n+ `db.products.aggregate([\n  { $match: {title: \'Product\' }},\n  { $group: { _id: \'$title\', total: { $sum: "$price" } }}\n])`\n+ Aggregators : `$sum,$match,$group,$sort`\n',
17 silly publish   readmeFilename: 'README.md',
17 silly publish   gitHead: '36ad39f821539ee06c1f57d445c8fe2599840de8',
17 silly publish   _id: 'mean-stack-boilerplate@1.0.0',
17 silly publish   _shasum: 'a2e7cb14c2fffb8ff85eecf1bf8034dcf2941fd5',
17 silly publish   _from: '.' }
18 verbose getPublishConfig undefined
19 silly mapToRegistry name mean-stack-boilerplate
20 silly mapToRegistry using default registry
21 silly mapToRegistry registry https://registry.npmjs.org/
22 silly mapToRegistry uri https://registry.npmjs.org/mean-stack-boilerplate
23 verbose publish registryBase https://registry.npmjs.org/
24 silly publish uploading /Users/NguyenVanTai/.npm/mean-stack-boilerplate/1.0.0/package.tgz
25 verbose request uri https://registry.npmjs.org/mean-stack-boilerplate
26 verbose request sending authorization for write operation
27 info attempt registry request try #1 at 11:41:19 AM
28 verbose request using bearer token for auth
29 verbose request id 3ff12530e9d53c69
30 http request PUT https://registry.npmjs.org/mean-stack-boilerplate
31 http 403 https://registry.npmjs.org/mean-stack-boilerplate
32 verbose headers { 'content-type': 'application/json',
32 verbose headers   'cache-control': 'max-age=300',
32 verbose headers   'content-length': '95',
32 verbose headers   'accept-ranges': 'bytes',
32 verbose headers   date: 'Wed, 12 Apr 2017 08:41:20 GMT',
32 verbose headers   via: '1.1 varnish',
32 verbose headers   connection: 'keep-alive',
32 verbose headers   'x-served-by': 'cache-bma7025-BMA',
32 verbose headers   'x-cache': 'MISS',
32 verbose headers   'x-cache-hits': '0',
32 verbose headers   'x-timer': 'S1491986480.644067,VS0,VE999',
32 verbose headers   vary: 'Accept-Encoding' }
33 verbose request invalidating /Users/NguyenVanTai/.npm/registry.npmjs.org/mean-stack-boilerplate on PUT
34 error publish Failed PUT 403
35 verbose stack Error: "You cannot publish over the previously published version 1.0.0." : mean-stack-boilerplate
35 verbose stack     at makeError (/usr/local/lib/node_modules/npm/node_modules/npm-registry-client/lib/request.js:263:12)
35 verbose stack     at CachingRegistryClient.<anonymous> (/usr/local/lib/node_modules/npm/node_modules/npm-registry-client/lib/request.js:251:14)
35 verbose stack     at Request._callback (/usr/local/lib/node_modules/npm/node_modules/npm-registry-client/lib/request.js:171:14)
35 verbose stack     at Request.self.callback (/usr/local/lib/node_modules/npm/node_modules/request/request.js:198:22)
35 verbose stack     at emitTwo (events.js:87:13)
35 verbose stack     at Request.emit (events.js:172:7)
35 verbose stack     at Request.<anonymous> (/usr/local/lib/node_modules/npm/node_modules/request/request.js:1073:14)
35 verbose stack     at emitOne (events.js:82:20)
35 verbose stack     at Request.emit (events.js:169:7)
35 verbose stack     at IncomingMessage.<anonymous> (/usr/local/lib/node_modules/npm/node_modules/request/request.js:1019:12)
36 verbose statusCode 403
37 verbose pkgid mean-stack-boilerplate
38 verbose cwd /Users/nguyenvantai/Documents/mean-stack-boilerplate
39 error Darwin 15.6.0
40 error argv "/usr/local/bin/iojs" "/usr/local/bin/npm" "publish"
41 error node v3.3.1
42 error npm  v2.14.3
43 error code E403
44 error "You cannot publish over the previously published version 1.0.0." : mean-stack-boilerplate
45 error If you need help, you may report this error at:
45 error     <https://github.com/npm/npm/issues>
46 verbose exit [ 1, true ]
